97 sequence; length of alignment 177
alifold output
    9    84  0 100.0%   0.000 CG:62   GU:1    UG:9    AU:1    UA:24  
   25    63  1 100.0%   0.000 CG:39   GC:30   GU:1    UG:1    AU:4    UA:21  
   24    64  0 100.0%   0.000 CG:48   UG:5    UA:44  
   11    82  1 100.0%   0.000 CG:29   GC:15   UG:4    AU:4    UA:44  
   12    81  0 100.0%   0.004 CG:82   UA:15  
   23    65  0  95.9%   0.123 CG:17   GC:27   GU:30   UG:3    AU:16   UA:4   
    8    85  1 100.0%   0.001 GC:89   GU:1    AU:6   
   91   144  3  99.9%   0.004 CG:35   GC:43   GU:1    UG:4    AU:6    UA:5   
   90   145  1  99.6%   0.014 CG:90   UG:2    UA:4   
   96   139  4  99.9%   0.003 CG:36   GC:41   GU:2    UG:6    UA:1    --:7   
  159   169  0  99.9%   0.019 GC:97  
  158   170  0  99.9%   0.016 GC:97  
  160   168  0  99.9%   0.011 GC:97  
   10    83  6 100.0%   0.001 CG:4    GC:28   GU:33   UG:3    AU:10   UA:13  
  157   171  0  99.7%   0.017 CG:97  
   27    61  4  99.7%   0.010 CG:46   GC:9    UG:4    AU:4    UA:19   --:11  
   26    62  8 100.0%   0.000 CG:37   GC:35   GU:2    UG:3    AU:1    UA:10   --:1   
   94   141  8  99.9%   0.004 CG:25   GC:40   GU:4    UG:4    AU:1    UA:15  
   95   140 19 100.0%   0.000 CG:28   GC:31   GU:5    UG:4    AU:4    UA:6   
   21    72  0  99.2%   0.082 CG:97  
   20    73  0  99.2%   0.095 CG:97  
   13    80  0  97.5%   0.084 UG:1    UA:96  
   22    71 19  88.2%   0.333 GC:1    GU:77  
   17    75  0  74.7%   1.314 GC:97  
   16    76  0  74.7%   1.350 GC:97  
   15    76  0  25.3%   1.043 GC:97   +
   16    75  0  25.3%   1.043 GC:97   +
   17    74 21  18.6%   0.938 GU:76   +
   23    70 40   3.8%   0.410 GC:56   GU:1    +
   12    79  0   0.0%   0.008 CG:82   UG:15   +
   85   173  0   0.0%   0.003 CG:90   UG:7    +
   85   156  0   0.0%   0.007 CG:90   UG:7    +
   85   172  0   0.0%   0.001 CG:90   UG:7    +
   70    79  0   0.0%   0.126 CG:94   UG:3    +
   17    70  0   0.0%   0.000 GC:94   GU:3    +
   20    72  0   0.7%   0.111 CG:97   +
   19    73  0   0.6%   0.098 UG:97   +
   21    66  0   0.3%   0.055 CG:97   +
   90   172  1   0.3%   0.070 CG:90   UG:6    +
   13    78  0   0.1%   0.027 UA:97   +
  154   171  0   0.1%   0.027 CG:97   +
  155   170  0   0.1%   0.030 GC:97   +
  159   168  0   0.1%   0.022 GC:97   +
   90   155  1   0.1%   0.020 CG:90   UG:6    +
  156   169  0   0.1%   0.027 GC:97   +
  158   169  0   0.1%   0.017 GC:97   +
   19    72  0   0.0%   0.011 UG:97   +
   90   171  1   0.0%   0.010 CG:90   UG:6    +
  160   169  0   0.0%   0.011 GC:97   +
   15    21  0   0.0%   0.000 GC:97   +
   16    20  0   0.0%   0.000 GC:97   +
  159   170  0   0.0%   0.018 GC:97   +
   15    75  0   0.0%   0.000 GC:97   +
   89   173 18   0.4%   0.098 CG:68   UG:11   +
    7    89 39   0.3%   0.053 CG:15   GC:33   GU:8    UG:2    +
   89   172 18   0.2%   0.059 CG:68   UG:11   +
   89   156 18   0.1%   0.047 CG:68   UG:11   +
    2    86 31   0.0%   0.008 CG:1    GC:26   GU:1    UG:13   UA:24   --:1    +
   18    73  8   0.1%   0.012 UG:89   +
    4   156 30   0.1%   0.018 CG:63   UG:4    +
   22    65 24   0.0%   0.006 GC:27   GU:45   AU:1    +
   66    71 16   0.0%   0.129 GC:4    GU:77   +
    6    90 36   0.0%   0.003 GC:57   GU:3    AU:1    +
   86   172 46   0.0%   0.014 CG:49   UG:1    --:1    +
    3    85 37   0.0%   0.000 GC:53   GU:6    AU:1    +
   86   155 46   0.0%   0.006 CG:49   UG:1    --:1    +
   71    78 20   0.0%   0.120 UA:77   +
   16    74 21   0.0%   0.000 GU:76   +
    3   157 38   0.0%   0.001 GC:59   +
.......((((((..((..((((((((.................................))))).....))).))...))))))....((..(((..........................................)))..))...........((((.......))))......
